2022-06-14 07:47:57,419-[INFO]-[msg]:测试 [Lineno]:53 module-handle_log
2022-06-14 07:47:57,420-[ERROR]-[msg]:测试 [Lineno]:54 module-handle_log
2022-06-14 07:47:57,420-[CRITICAL]-[msg]:测试 [Lineno]:55 module-handle_log
2022-06-14 08:27:28,638-[INFO]-[msg]:开始执行用例,case_no:login001,case_name:正确用户名密码登录 [Lineno]:12 module-test_login
2022-06-14 08:27:28,641-[INFO]-[msg]:开始执行用例,case_no:login002,case_name:错误的用户名密码登录 [Lineno]:12 module-test_login
2022-06-14 08:38:16,350-[INFO]-[msg]:>>>>>>>>>>>>>正在进行第【login001】条测试用例<<<<<<<<<<<<<<< [Lineno]:15 module-test_login
2022-06-14 08:38:16,350-[INFO]-[msg]:测试标题为>>>>>>>>>>>>>>>>：正确用户名密码登录 [Lineno]:16 module-test_login
2022-06-14 08:38:16,350-[INFO]-[msg]:请求方法为>>>>>>>>>>>>>>>>：post [Lineno]:17 module-test_login
2022-06-14 08:38:16,350-[INFO]-[msg]:接口地址为>>>>>>>>>>>>>>>>：http://10.1.1.41:8080/jugo-account/login [Lineno]:18 module-test_login
2022-06-14 08:38:16,350-[INFO]-[msg]:测试参数为>>>>>>>>>>>>>>>>：post [Lineno]:19 module-test_login
2022-06-14 08:38:16,888-[INFO]-[msg]:>>>>>>>>>>>>>正在进行第【login002】条测试用例<<<<<<<<<<<<<<< [Lineno]:15 module-test_login
2022-06-14 08:38:16,888-[INFO]-[msg]:测试标题为>>>>>>>>>>>>>>>>：错误的用户名密码登录 [Lineno]:16 module-test_login
2022-06-14 08:38:16,889-[INFO]-[msg]:请求方法为>>>>>>>>>>>>>>>>：post [Lineno]:17 module-test_login
2022-06-14 08:38:16,889-[INFO]-[msg]:接口地址为>>>>>>>>>>>>>>>>：http://10.1.1.41:8080/jugo-account/login [Lineno]:18 module-test_login
2022-06-14 08:38:16,890-[INFO]-[msg]:测试参数为>>>>>>>>>>>>>>>>：post [Lineno]:19 module-test_login
2022-06-14 08:38:22,298-[INFO]-[msg]:>>>>>>>>>>>>>正在进行第【login001】条测试用例<<<<<<<<<<<<<<< [Lineno]:15 module-test_login
2022-06-14 08:38:22,298-[INFO]-[msg]:测试标题为>>>>>>>>>>>>>>>>：正确用户名密码登录 [Lineno]:16 module-test_login
2022-06-14 08:38:22,298-[INFO]-[msg]:请求方法为>>>>>>>>>>>>>>>>：post [Lineno]:17 module-test_login
2022-06-14 08:38:22,298-[INFO]-[msg]:接口地址为>>>>>>>>>>>>>>>>：http://10.1.1.41:8080/jugo-account/login [Lineno]:18 module-test_login
2022-06-14 08:38:22,299-[INFO]-[msg]:测试参数为>>>>>>>>>>>>>>>>：post [Lineno]:19 module-test_login
2022-06-14 08:38:22,744-[INFO]-[msg]:>>>>>>>>>>>>>正在进行第【login002】条测试用例<<<<<<<<<<<<<<< [Lineno]:15 module-test_login
2022-06-14 08:38:22,745-[INFO]-[msg]:测试标题为>>>>>>>>>>>>>>>>：错误的用户名密码登录 [Lineno]:16 module-test_login
2022-06-14 08:38:22,745-[INFO]-[msg]:请求方法为>>>>>>>>>>>>>>>>：post [Lineno]:17 module-test_login
2022-06-14 08:38:22,745-[INFO]-[msg]:接口地址为>>>>>>>>>>>>>>>>：http://10.1.1.41:8080/jugo-account/login [Lineno]:18 module-test_login
2022-06-14 08:38:22,745-[INFO]-[msg]:测试参数为>>>>>>>>>>>>>>>>：post [Lineno]:19 module-test_login
2022-06-14 08:38:49,485-[INFO]-[msg]:>>>>>>>>>>>>>正在进行第【login001】条测试用例<<<<<<<<<<<<<<< [Lineno]:15 module-test_login
2022-06-14 08:38:49,485-[INFO]-[msg]:测试标题为>>>>>>>>>>>>>>>>：正确用户名密码登录 [Lineno]:16 module-test_login
2022-06-14 08:38:49,485-[INFO]-[msg]:请求方法为>>>>>>>>>>>>>>>>：post [Lineno]:17 module-test_login
2022-06-14 08:38:49,485-[INFO]-[msg]:接口地址为>>>>>>>>>>>>>>>>：http://10.1.1.41:8080/jugo-account/login [Lineno]:18 module-test_login
2022-06-14 08:38:49,485-[INFO]-[msg]:测试参数为>>>>>>>>>>>>>>>>：post [Lineno]:19 module-test_login
2022-06-14 08:38:49,689-[INFO]-[msg]:返回结果>>>>>>>>>>>>>>>>：<!doctype html><html lang="en"><head><title>HTTP Status 404 – Not Found</title><style type="text/css">body {font-family:Tahoma,Arial,sans-serif;} h1, h2, h3, b {color:white;background-color:#525D76;} h1 {font-size:22px;} h2 {font-size:16px;} h3 {font-size:14px;} p {font-size:12px;} a {color:black;} .line {height:1px;background-color:#525D76;border:none;}</style></head><body><h1>HTTP Status 404 – Not Found</h1></body></html> [Lineno]:21 module-test_login
2022-06-14 08:38:49,694-[INFO]-[msg]:>>>>>>>>>>>>>正在进行第【login002】条测试用例<<<<<<<<<<<<<<< [Lineno]:15 module-test_login
2022-06-14 08:38:49,694-[INFO]-[msg]:测试标题为>>>>>>>>>>>>>>>>：错误的用户名密码登录 [Lineno]:16 module-test_login
2022-06-14 08:38:49,694-[INFO]-[msg]:请求方法为>>>>>>>>>>>>>>>>：post [Lineno]:17 module-test_login
2022-06-14 08:38:49,695-[INFO]-[msg]:接口地址为>>>>>>>>>>>>>>>>：http://10.1.1.41:8080/jugo-account/login [Lineno]:18 module-test_login
2022-06-14 08:38:49,695-[INFO]-[msg]:测试参数为>>>>>>>>>>>>>>>>：post [Lineno]:19 module-test_login
2022-06-14 08:38:49,926-[INFO]-[msg]:返回结果>>>>>>>>>>>>>>>>：<!doctype html><html lang="en"><head><title>HTTP Status 404 – Not Found</title><style type="text/css">body {font-family:Tahoma,Arial,sans-serif;} h1, h2, h3, b {color:white;background-color:#525D76;} h1 {font-size:22px;} h2 {font-size:16px;} h3 {font-size:14px;} p {font-size:12px;} a {color:black;} .line {height:1px;background-color:#525D76;border:none;}</style></head><body><h1>HTTP Status 404 – Not Found</h1></body></html> [Lineno]:21 module-test_login
2022-06-14 08:39:58,628-[INFO]-[msg]:>>>>>>>>>>>>>正在进行第【login001】条测试用例<<<<<<<<<<<<<<< [Lineno]:15 module-test_login
2022-06-14 08:39:58,629-[INFO]-[msg]:测试标题为>>>>>>>>>>>>>>>>：正确用户名密码登录 [Lineno]:16 module-test_login
2022-06-14 08:39:58,629-[INFO]-[msg]:请求方法为>>>>>>>>>>>>>>>>：post [Lineno]:17 module-test_login
2022-06-14 08:39:58,629-[INFO]-[msg]:接口地址为>>>>>>>>>>>>>>>>：http://10.1.1.41:8080/jugo-account/login [Lineno]:18 module-test_login
2022-06-14 08:39:58,629-[INFO]-[msg]:测试参数为>>>>>>>>>>>>>>>>：{'captchaCode': 5490, 'password': 'admin123456', 'username': 'admin', 'uuid': '06a5053ec4874523bb47a6f7adcaa8f6'} [Lineno]:19 module-test_login
2022-06-14 08:39:58,833-[INFO]-[msg]:返回结果>>>>>>>>>>>>>>>>：<!doctype html><html lang="en"><head><title>HTTP Status 404 – Not Found</title><style type="text/css">body {font-family:Tahoma,Arial,sans-serif;} h1, h2, h3, b {color:white;background-color:#525D76;} h1 {font-size:22px;} h2 {font-size:16px;} h3 {font-size:14px;} p {font-size:12px;} a {color:black;} .line {height:1px;background-color:#525D76;border:none;}</style></head><body><h1>HTTP Status 404 – Not Found</h1></body></html> [Lineno]:21 module-test_login
2022-06-14 08:39:58,856-[INFO]-[msg]:>>>>>>>>>>>>>正在进行第【login002】条测试用例<<<<<<<<<<<<<<< [Lineno]:15 module-test_login
2022-06-14 08:39:58,857-[INFO]-[msg]:测试标题为>>>>>>>>>>>>>>>>：错误的用户名密码登录 [Lineno]:16 module-test_login
2022-06-14 08:39:58,857-[INFO]-[msg]:请求方法为>>>>>>>>>>>>>>>>：post [Lineno]:17 module-test_login
2022-06-14 08:39:58,857-[INFO]-[msg]:接口地址为>>>>>>>>>>>>>>>>：http://10.1.1.41:8080/jugo-account/login [Lineno]:18 module-test_login
2022-06-14 08:39:58,857-[INFO]-[msg]:测试参数为>>>>>>>>>>>>>>>>：{'captchaCode': 5490, 'password': 'admin123456', 'username': 'admin', 'uuid': '06a5053ec4874523bb47a6f7adcaa8f6'} [Lineno]:19 module-test_login
2022-06-14 08:39:59,065-[INFO]-[msg]:返回结果>>>>>>>>>>>>>>>>：<!doctype html><html lang="en"><head><title>HTTP Status 404 – Not Found</title><style type="text/css">body {font-family:Tahoma,Arial,sans-serif;} h1, h2, h3, b {color:white;background-color:#525D76;} h1 {font-size:22px;} h2 {font-size:16px;} h3 {font-size:14px;} p {font-size:12px;} a {color:black;} .line {height:1px;background-color:#525D76;border:none;}</style></head><body><h1>HTTP Status 404 – Not Found</h1></body></html> [Lineno]:21 module-test_login
2022-06-14 08:40:54,810-[INFO]-[msg]:>>>>>>>>>>>>>正在进行第【login001】条测试用例<<<<<<<<<<<<<<< [Lineno]:17 module-test_login
2022-06-14 08:40:54,810-[INFO]-[msg]:测试标题为>>>>>>>>>>>>>>>>：正确用户名密码登录 [Lineno]:18 module-test_login
2022-06-14 08:40:54,810-[INFO]-[msg]:请求方法为>>>>>>>>>>>>>>>>：post [Lineno]:19 module-test_login
2022-06-14 08:40:54,810-[INFO]-[msg]:接口地址为>>>>>>>>>>>>>>>>：http://10.1.1.41:8080/jugo-account/login [Lineno]:20 module-test_login
2022-06-14 08:40:54,810-[INFO]-[msg]:测试参数为>>>>>>>>>>>>>>>>：{'captchaCode': 5490, 'password': 'admin123456', 'username': 'admin', 'uuid': '06a5053ec4874523bb47a6f7adcaa8f6'} [Lineno]:21 module-test_login
2022-06-14 08:40:55,014-[INFO]-[msg]:返回结果>>>>>>>>>>>>>>>>：<!doctype html><html lang="en"><head><title>HTTP Status 404 – Not Found</title><style type="text/css">body {font-family:Tahoma,Arial,sans-serif;} h1, h2, h3, b {color:white;background-color:#525D76;} h1 {font-size:22px;} h2 {font-size:16px;} h3 {font-size:14px;} p {font-size:12px;} a {color:black;} .line {height:1px;background-color:#525D76;border:none;}</style></head><body><h1>HTTP Status 404 – Not Found</h1></body></html> [Lineno]:23 module-test_login
2022-06-14 08:40:55,018-[INFO]-[msg]:>>>>>>>>>>>>>正在进行第【login002】条测试用例<<<<<<<<<<<<<<< [Lineno]:17 module-test_login
2022-06-14 08:40:55,018-[INFO]-[msg]:测试标题为>>>>>>>>>>>>>>>>：错误的用户名密码登录 [Lineno]:18 module-test_login
2022-06-14 08:40:55,019-[INFO]-[msg]:请求方法为>>>>>>>>>>>>>>>>：post [Lineno]:19 module-test_login
2022-06-14 08:40:55,019-[INFO]-[msg]:接口地址为>>>>>>>>>>>>>>>>：http://10.1.1.41:8080/jugo-account/login [Lineno]:20 module-test_login
2022-06-14 08:40:55,019-[INFO]-[msg]:测试参数为>>>>>>>>>>>>>>>>：{'captchaCode': 5490, 'password': 'admin123456', 'username': 'admin', 'uuid': '06a5053ec4874523bb47a6f7adcaa8f6'} [Lineno]:21 module-test_login
2022-06-14 08:40:55,248-[INFO]-[msg]:返回结果>>>>>>>>>>>>>>>>：<!doctype html><html lang="en"><head><title>HTTP Status 404 – Not Found</title><style type="text/css">body {font-family:Tahoma,Arial,sans-serif;} h1, h2, h3, b {color:white;background-color:#525D76;} h1 {font-size:22px;} h2 {font-size:16px;} h3 {font-size:14px;} p {font-size:12px;} a {color:black;} .line {height:1px;background-color:#525D76;border:none;}</style></head><body><h1>HTTP Status 404 – Not Found</h1></body></html> [Lineno]:23 module-test_login
2022-06-14 08:42:19,182-[INFO]-[msg]:>>>>>>>>>>>>>正在进行第【login001】条测试用例<<<<<<<<<<<<<<< [Lineno]:17 module-test_login
2022-06-14 08:42:19,182-[INFO]-[msg]:测试标题为>>>>>>>>>>>>>>>>：正确用户名密码登录 [Lineno]:18 module-test_login
2022-06-14 08:42:19,182-[INFO]-[msg]:请求方法为>>>>>>>>>>>>>>>>：post [Lineno]:19 module-test_login
2022-06-14 08:42:19,182-[INFO]-[msg]:接口地址为>>>>>>>>>>>>>>>>：http://10.1.1.41:8080/jugo-account/login [Lineno]:20 module-test_login
2022-06-14 08:42:19,182-[INFO]-[msg]:测试参数为>>>>>>>>>>>>>>>>：{'captchaCode': 5490, 'password': 'admin123456', 'username': 'admin', 'uuid': '06a5053ec4874523bb47a6f7adcaa8f6'} [Lineno]:21 module-test_login
2022-06-14 08:42:19,392-[INFO]-[msg]:返回结果>>>>>>>>>>>>>>>>：<!doctype html><html lang="en"><head><title>HTTP Status 404 – Not Found</title><style type="text/css">body {font-family:Tahoma,Arial,sans-serif;} h1, h2, h3, b {color:white;background-color:#525D76;} h1 {font-size:22px;} h2 {font-size:16px;} h3 {font-size:14px;} p {font-size:12px;} a {color:black;} .line {height:1px;background-color:#525D76;border:none;}</style></head><body><h1>HTTP Status 404 – Not Found</h1></body></html> [Lineno]:23 module-test_login
2022-06-14 08:42:19,415-[INFO]-[msg]:>>>>>>>>>>>>>正在进行第【login002】条测试用例<<<<<<<<<<<<<<< [Lineno]:17 module-test_login
2022-06-14 08:42:19,415-[INFO]-[msg]:测试标题为>>>>>>>>>>>>>>>>：错误的用户名密码登录 [Lineno]:18 module-test_login
2022-06-14 08:42:19,416-[INFO]-[msg]:请求方法为>>>>>>>>>>>>>>>>：post [Lineno]:19 module-test_login
2022-06-14 08:42:19,416-[INFO]-[msg]:接口地址为>>>>>>>>>>>>>>>>：http://10.1.1.41:8080/jugo-account/login [Lineno]:20 module-test_login
2022-06-14 08:42:19,416-[INFO]-[msg]:测试参数为>>>>>>>>>>>>>>>>：{'captchaCode': 5490, 'password': 'admin123456', 'username': 'admin', 'uuid': '06a5053ec4874523bb47a6f7adcaa8f6'} [Lineno]:21 module-test_login
2022-06-14 08:42:19,685-[INFO]-[msg]:返回结果>>>>>>>>>>>>>>>>：<!doctype html><html lang="en"><head><title>HTTP Status 404 – Not Found</title><style type="text/css">body {font-family:Tahoma,Arial,sans-serif;} h1, h2, h3, b {color:white;background-color:#525D76;} h1 {font-size:22px;} h2 {font-size:16px;} h3 {font-size:14px;} p {font-size:12px;} a {color:black;} .line {height:1px;background-color:#525D76;border:none;}</style></head><body><h1>HTTP Status 404 – Not Found</h1></body></html> [Lineno]:23 module-test_login
2022-06-14 08:44:50,078-[INFO]-[msg]:>>>>>>>>>>>>>正在进行第【login001】条测试用例<<<<<<<<<<<<<<< [Lineno]:17 module-test_login
2022-06-14 08:44:50,078-[INFO]-[msg]:测试标题为>>>>>>>>>>>>>>>>：正确用户名密码登录 [Lineno]:18 module-test_login
2022-06-14 08:44:50,078-[INFO]-[msg]:请求方法为>>>>>>>>>>>>>>>>：post [Lineno]:19 module-test_login
2022-06-14 08:44:50,078-[INFO]-[msg]:接口地址为>>>>>>>>>>>>>>>>：http://10.1.1.41:8080/jugo-account-api/login [Lineno]:20 module-test_login
2022-06-14 08:44:50,078-[INFO]-[msg]:测试参数为>>>>>>>>>>>>>>>>：{'captchaCode': 5490, 'password': 'admin123456', 'username': 'admin', 'uuid': '06a5053ec4874523bb47a6f7adcaa8f6'} [Lineno]:21 module-test_login
2022-06-14 08:44:50,283-[INFO]-[msg]:返回结果>>>>>>>>>>>>>>>>：{"code":20003,"msg":"参数格式错误!"} [Lineno]:23 module-test_login
2022-06-14 08:44:50,295-[INFO]-[msg]:>>>>>>>>>>>>>正在进行第【login002】条测试用例<<<<<<<<<<<<<<< [Lineno]:17 module-test_login
2022-06-14 08:44:50,297-[INFO]-[msg]:测试标题为>>>>>>>>>>>>>>>>：错误的用户名密码登录 [Lineno]:18 module-test_login
2022-06-14 08:44:50,297-[INFO]-[msg]:请求方法为>>>>>>>>>>>>>>>>：post [Lineno]:19 module-test_login
2022-06-14 08:44:50,297-[INFO]-[msg]:接口地址为>>>>>>>>>>>>>>>>：http://10.1.1.41:8080/jugo-account-api/login [Lineno]:20 module-test_login
2022-06-14 08:44:50,297-[INFO]-[msg]:测试参数为>>>>>>>>>>>>>>>>：{'captchaCode': 5490, 'password': 'admin123456', 'username': 'admin', 'uuid': '06a5053ec4874523bb47a6f7adcaa8f6'} [Lineno]:21 module-test_login
2022-06-14 08:44:50,410-[INFO]-[msg]:返回结果>>>>>>>>>>>>>>>>：{"code":20003,"msg":"参数格式错误!"} [Lineno]:23 module-test_login
2022-06-14 08:45:18,625-[INFO]-[msg]:>>>>>>>>>>>>>正在进行第【login001】条测试用例<<<<<<<<<<<<<<< [Lineno]:17 module-test_login
2022-06-14 08:45:18,625-[INFO]-[msg]:测试标题为>>>>>>>>>>>>>>>>：正确用户名密码登录 [Lineno]:18 module-test_login
2022-06-14 08:45:18,625-[INFO]-[msg]:请求方法为>>>>>>>>>>>>>>>>：post [Lineno]:19 module-test_login
2022-06-14 08:45:18,625-[INFO]-[msg]:接口地址为>>>>>>>>>>>>>>>>：http://10.1.1.41:8080/jugo-account-api/login [Lineno]:20 module-test_login
2022-06-14 08:45:18,626-[INFO]-[msg]:测试参数为>>>>>>>>>>>>>>>>：{'captchaCode': 5490, 'password': 'admin123456', 'username': 'admin', 'uuid': '06a5053ec4874523bb47a6f7adcaa8f6'} [Lineno]:21 module-test_login
2022-06-14 08:45:18,818-[INFO]-[msg]:返回结果>>>>>>>>>>>>>>>>：{"code":20003,"msg":"参数格式错误!"} [Lineno]:23 module-test_login
2022-06-14 08:45:18,838-[INFO]-[msg]:>>>>>>>>>>>>>正在进行第【login002】条测试用例<<<<<<<<<<<<<<< [Lineno]:17 module-test_login
2022-06-14 08:45:18,838-[INFO]-[msg]:测试标题为>>>>>>>>>>>>>>>>：错误的用户名密码登录 [Lineno]:18 module-test_login
2022-06-14 08:45:18,839-[INFO]-[msg]:请求方法为>>>>>>>>>>>>>>>>：post [Lineno]:19 module-test_login
2022-06-14 08:45:18,839-[INFO]-[msg]:接口地址为>>>>>>>>>>>>>>>>：http://10.1.1.41:8080/jugo-account-api/login [Lineno]:20 module-test_login
2022-06-14 08:45:18,839-[INFO]-[msg]:测试参数为>>>>>>>>>>>>>>>>：{'captchaCode': 5490, 'password': 'admin123456', 'username': 'admin', 'uuid': '06a5053ec4874523bb47a6f7adcaa8f6'} [Lineno]:21 module-test_login
2022-06-14 08:45:18,989-[INFO]-[msg]:返回结果>>>>>>>>>>>>>>>>：{"code":20003,"msg":"参数格式错误!"} [Lineno]:23 module-test_login
2022-06-14 08:47:57,713-[INFO]-[msg]:>>>>>>>>>>>>>正在进行第【login001】条测试用例<<<<<<<<<<<<<<< [Lineno]:17 module-test_login
2022-06-14 08:47:57,714-[INFO]-[msg]:测试标题为>>>>>>>>>>>>>>>>：正确用户名密码登录 [Lineno]:18 module-test_login
2022-06-14 08:47:57,714-[INFO]-[msg]:请求方法为>>>>>>>>>>>>>>>>：post [Lineno]:19 module-test_login
2022-06-14 08:47:57,714-[INFO]-[msg]:接口地址为>>>>>>>>>>>>>>>>：http://10.1.1.41:8080/jugo-account-api/login [Lineno]:20 module-test_login
2022-06-14 08:47:57,714-[INFO]-[msg]:测试参数为>>>>>>>>>>>>>>>>：{
 "username": "admin",
 "password": "1",
 "captchaCode": "3228",
 "uuid": "425c3a4b96464aecb0e7dd41521df601"
} [Lineno]:21 module-test_login
2022-06-14 08:47:58,001-[INFO]-[msg]:返回结果>>>>>>>>>>>>>>>>：{"code":20116,"msg":"用户名或密码错误"} [Lineno]:23 module-test_login
2022-06-14 08:47:58,013-[INFO]-[msg]:>>>>>>>>>>>>>正在进行第【login002】条测试用例<<<<<<<<<<<<<<< [Lineno]:17 module-test_login
2022-06-14 08:47:58,014-[INFO]-[msg]:测试标题为>>>>>>>>>>>>>>>>：错误的用户名密码登录 [Lineno]:18 module-test_login
2022-06-14 08:47:58,014-[INFO]-[msg]:请求方法为>>>>>>>>>>>>>>>>：post [Lineno]:19 module-test_login
2022-06-14 08:47:58,014-[INFO]-[msg]:接口地址为>>>>>>>>>>>>>>>>：http://10.1.1.41:8080/jugo-account-api/login [Lineno]:20 module-test_login
2022-06-14 08:47:58,015-[INFO]-[msg]:测试参数为>>>>>>>>>>>>>>>>：{
 "username": "admin",
 "password": "admin123456",
 "captchaCode": "3228",
 "uuid": "425c3a4b96464aecb0e7dd41521df601"
} [Lineno]:21 module-test_login
2022-06-14 08:47:58,340-[INFO]-[msg]:返回结果>>>>>>>>>>>>>>>>：{"code":10000,"msg":"请求成功!","data":{"token":"B0F667CC82E84D10A59F742B483BB3B11655167678839"}} [Lineno]:23 module-test_login
2022-06-14 08:49:14,773-[INFO]-[msg]:>>>>>>>>>>>>>正在进行第【login001】条测试用例<<<<<<<<<<<<<<< [Lineno]:17 module-test_login
2022-06-14 08:49:14,774-[INFO]-[msg]:测试标题为>>>>>>>>>>>>>>>>：正确用户名密码登录 [Lineno]:18 module-test_login
2022-06-14 08:49:14,774-[INFO]-[msg]:请求方法为>>>>>>>>>>>>>>>>：post [Lineno]:19 module-test_login
2022-06-14 08:49:14,775-[INFO]-[msg]:接口地址为>>>>>>>>>>>>>>>>：http://10.1.1.41:8080/jugo-account-api/login [Lineno]:20 module-test_login
2022-06-14 08:49:14,775-[INFO]-[msg]:测试参数为>>>>>>>>>>>>>>>>：{
 "username": "admin",
 "password": "admin123456",
 "captchaCode": "3228",
 "uuid": "425c3a4b96464aecb0e7dd41521df601"
} [Lineno]:21 module-test_login
2022-06-14 08:49:15,160-[INFO]-[msg]:返回结果>>>>>>>>>>>>>>>>：{"code":10000,"msg":"请求成功!","data":{"token":"C12F93040162434086968C7CA85BC77D1655167755651"}} [Lineno]:23 module-test_login
2022-06-14 08:49:15,175-[INFO]-[msg]:>>>>>>>>>>>>>正在进行第【login002】条测试用例<<<<<<<<<<<<<<< [Lineno]:17 module-test_login
2022-06-14 08:49:15,175-[INFO]-[msg]:测试标题为>>>>>>>>>>>>>>>>：错误的用户名密码登录 [Lineno]:18 module-test_login
2022-06-14 08:49:15,175-[INFO]-[msg]:请求方法为>>>>>>>>>>>>>>>>：post [Lineno]:19 module-test_login
2022-06-14 08:49:15,175-[INFO]-[msg]:接口地址为>>>>>>>>>>>>>>>>：http://10.1.1.41:8080/jugo-account-api/login [Lineno]:20 module-test_login
2022-06-14 08:49:15,177-[INFO]-[msg]:测试参数为>>>>>>>>>>>>>>>>：{
 "username": "admin",
 "password": "admin12345",
 "captchaCode": "3228",
 "uuid": "425c3a4b96464aecb0e7dd41521df601"
} [Lineno]:21 module-test_login
2022-06-14 08:49:15,374-[INFO]-[msg]:返回结果>>>>>>>>>>>>>>>>：{"code":20116,"msg":"用户名或密码错误"} [Lineno]:23 module-test_login
